2018-10-30 18:33:44,084 INFO [net.sf.log4jdbc.Slf4jSpyLogDelegator] select count(*) from tb_board where 1=1 and category = '1'  []
2018-10-30 18:33:44,173 INFO [net.sf.log4jdbc.ResultSetCollectorPrinter] |---------| []
2018-10-30 18:33:44,174 INFO [net.sf.log4jdbc.ResultSetCollectorPrinter] |count(*) | []
2018-10-30 18:33:44,175 INFO [net.sf.log4jdbc.ResultSetCollectorPrinter] |---------| []
2018-10-30 18:33:44,176 INFO [net.sf.log4jdbc.ResultSetCollectorPrinter] |8        | []
2018-10-30 18:33:44,177 INFO [net.sf.log4jdbc.ResultSetCollectorPrinter] |---------| []
2018-10-30 18:33:44,219 INFO [net.sf.log4jdbc.Slf4jSpyLogDelegator] select seq, codename, sortnum , (select count(seq) from tb_board where category = a.seq) as 
cnt from tb_category a order by sortnum  []
2018-10-30 18:33:44,231 INFO [net.sf.log4jdbc.ResultSetCollectorPrinter] |----|---------|--------|----| []
2018-10-30 18:33:44,233 INFO [net.sf.log4jdbc.ResultSetCollectorPrinter] |seq |codename |sortnum |cnt | []
2018-10-30 18:33:44,234 INFO [net.sf.log4jdbc.ResultSetCollectorPrinter] |----|---------|--------|----| []
2018-10-30 18:33:44,235 INFO [net.sf.log4jdbc.ResultSetCollectorPrinter] |1   |Java     |1       |8   | []
2018-10-30 18:33:44,236 INFO [net.sf.log4jdbc.ResultSetCollectorPrinter] |2   |Linux    |2       |2   | []
2018-10-30 18:33:44,237 INFO [net.sf.log4jdbc.ResultSetCollectorPrinter] |3   |DB       |3       |5   | []
2018-10-30 18:33:44,238 INFO [net.sf.log4jdbc.ResultSetCollectorPrinter] |4   |Android  |4       |5   | []
2018-10-30 18:33:44,239 INFO [net.sf.log4jdbc.ResultSetCollectorPrinter] |5   |Mac OS X |5       |1   | []
2018-10-30 18:33:44,239 INFO [net.sf.log4jdbc.ResultSetCollectorPrinter] |6   |기타       |6       |0   | []
2018-10-30 18:33:44,240 INFO [net.sf.log4jdbc.ResultSetCollectorPrinter] |----|---------|--------|----| []
2018-10-30 18:33:44,271 INFO [net.sf.log4jdbc.Slf4jSpyLogDelegator] select seq, userid, category, username, title, contents, filename, regdate, readcnt, replycnt 
from tb_board where 1=1 and category = '1' order by seq DESC limit 0, 5  []
2018-10-30 18:33:44,293 INFO [net.sf.log4jdbc.ResultSetCollectorPrinter] |----|-------|---------|---------|----------------------------------------------------|---------|---------|----------------------|--------|---------| []
2018-10-30 18:33:44,294 INFO [net.sf.log4jdbc.ResultSetCollectorPrinter] |seq |userid |category |username |title                                               |contents |filename |regdate               |readcnt |replycnt | []
2018-10-30 18:33:44,296 INFO [net.sf.log4jdbc.ResultSetCollectorPrinter] |----|-------|---------|---------|----------------------------------------------------|---------|---------|----------------------|--------|---------| []
2018-10-30 18:33:44,297 INFO [net.sf.log4jdbc.ResultSetCollectorPrinter] |201 |master |1        |관리자      |testt                                               |[unread] |[null]   |2016-10-16 16:16:32.0 |5       |0        | []
2018-10-30 18:33:44,299 INFO [net.sf.log4jdbc.ResultSetCollectorPrinter] |200 |master |1        |관리자      | CentOS 웹서버 구축 [APM-Yum설치]                          |[unread] |[null]   |2016-10-11 09:41:03.0 |29      |0        | []
2018-10-30 18:33:44,300 INFO [net.sf.log4jdbc.ResultSetCollectorPrinter] |199 |master |1        |관리자      |http://www.w3schools.com/howto/howto_css_modals.asp |[unread] |[null]   |2016-10-10 22:42:44.0 |4       |0        | []
2018-10-30 18:33:44,301 INFO [net.sf.log4jdbc.ResultSetCollectorPrinter] |198 |master |1        |관리자      |JSTL fmt을 이용한 데이터 가공                                |[unread] |[null]   |2016-10-03 19:35:15.0 |3       |0        | []
2018-10-30 18:33:44,303 INFO [net.sf.log4jdbc.ResultSetCollectorPrinter] |196 |master |1        |관리자      |jsp 변수를 jstl 변수로 변경하기                               |[unread] |[null]   |2016-10-03 16:50:33.0 |3       |0        | []
2018-10-30 18:33:44,305 INFO [net.sf.log4jdbc.ResultSetCollectorPrinter] |----|-------|---------|---------|----------------------------------------------------|---------|---------|----------------------|--------|---------| []
2018-10-30 18:33:44,335 INFO [net.sf.log4jdbc.Slf4jSpyLogDelegator] select seq, userid, category, username, title, contents, filename, regdate, readcnt, replycnt 
from tb_board order by seq DESC limit 0, 5  []
2018-10-30 18:33:44,343 INFO [net.sf.log4jdbc.ResultSetCollectorPrinter] |----|-------|---------|---------|----------------------------------------------------|---------|---------|----------------------|--------|---------| []
2018-10-30 18:33:44,344 INFO [net.sf.log4jdbc.ResultSetCollectorPrinter] |seq |userid |category |username |title                                               |contents |filename |regdate               |readcnt |replycnt | []
2018-10-30 18:33:44,346 INFO [net.sf.log4jdbc.ResultSetCollectorPrinter] |----|-------|---------|---------|----------------------------------------------------|---------|---------|----------------------|--------|---------| []
2018-10-30 18:33:44,348 INFO [net.sf.log4jdbc.ResultSetCollectorPrinter] |201 |master |1        |관리자      |testt                                               |[unread] |[null]   |2016-10-16 16:16:32.0 |5       |0        | []
2018-10-30 18:33:44,349 INFO [net.sf.log4jdbc.ResultSetCollectorPrinter] |200 |master |1        |관리자      | CentOS 웹서버 구축 [APM-Yum설치]                          |[unread] |[null]   |2016-10-11 09:41:03.0 |29      |0        | []
2018-10-30 18:33:44,350 INFO [net.sf.log4jdbc.ResultSetCollectorPrinter] |199 |master |1        |관리자      |http://www.w3schools.com/howto/howto_css_modals.asp |[unread] |[null]   |2016-10-10 22:42:44.0 |4       |0        | []
2018-10-30 18:33:44,351 INFO [net.sf.log4jdbc.ResultSetCollectorPrinter] |198 |master |1        |관리자      |JSTL fmt을 이용한 데이터 가공                                |[unread] |[null]   |2016-10-03 19:35:15.0 |3       |0        | []
2018-10-30 18:33:44,352 INFO [net.sf.log4jdbc.ResultSetCollectorPrinter] |196 |master |1        |관리자      |jsp 변수를 jstl 변수로 변경하기                               |[unread] |[null]   |2016-10-03 16:50:33.0 |3       |0        | []
2018-10-30 18:33:44,353 INFO [net.sf.log4jdbc.ResultSetCollectorPrinter] |----|-------|---------|---------|----------------------------------------------------|---------|---------|----------------------|--------|---------| []
2018-10-30 18:33:49,762 INFO [net.sf.log4jdbc.Slf4jSpyLogDelegator] select count(*) from tb_board where 1=1 and category = '1'  []
2018-10-30 18:33:49,774 INFO [net.sf.log4jdbc.ResultSetCollectorPrinter] |---------| []
2018-10-30 18:33:49,776 INFO [net.sf.log4jdbc.ResultSetCollectorPrinter] |count(*) | []
2018-10-30 18:33:49,836 INFO [net.sf.log4jdbc.ResultSetCollectorPrinter] |---------| []
2018-10-30 18:33:49,844 INFO [net.sf.log4jdbc.ResultSetCollectorPrinter] |8        | []
2018-10-30 18:33:49,852 INFO [net.sf.log4jdbc.ResultSetCollectorPrinter] |---------| []
2018-10-30 18:33:49,952 INFO [net.sf.log4jdbc.Slf4jSpyLogDelegator] select seq, codename, sortnum , (select count(seq) from tb_board where category = a.seq) as 
cnt from tb_category a order by sortnum  []
2018-10-30 18:33:49,957 INFO [net.sf.log4jdbc.ResultSetCollectorPrinter] |----|---------|--------|----| []
2018-10-30 18:33:49,959 INFO [net.sf.log4jdbc.ResultSetCollectorPrinter] |seq |codename |sortnum |cnt | []
2018-10-30 18:33:49,960 INFO [net.sf.log4jdbc.ResultSetCollectorPrinter] |----|---------|--------|----| []
2018-10-30 18:33:49,962 INFO [net.sf.log4jdbc.ResultSetCollectorPrinter] |1   |Java     |1       |8   | []
2018-10-30 18:33:49,967 INFO [net.sf.log4jdbc.ResultSetCollectorPrinter] |2   |Linux    |2       |2   | []
2018-10-30 18:33:49,969 INFO [net.sf.log4jdbc.ResultSetCollectorPrinter] |3   |DB       |3       |5   | []
2018-10-30 18:33:49,970 INFO [net.sf.log4jdbc.ResultSetCollectorPrinter] |4   |Android  |4       |5   | []
2018-10-30 18:33:49,971 INFO [net.sf.log4jdbc.ResultSetCollectorPrinter] |5   |Mac OS X |5       |1   | []
2018-10-30 18:33:49,973 INFO [net.sf.log4jdbc.ResultSetCollectorPrinter] |6   |기타       |6       |0   | []
2018-10-30 18:33:49,975 INFO [net.sf.log4jdbc.ResultSetCollectorPrinter] |----|---------|--------|----| []
2018-10-30 18:33:50,273 INFO [net.sf.log4jdbc.Slf4jSpyLogDelegator] select seq, userid, category, username, title, contents, filename, regdate, readcnt, replycnt 
from tb_board where 1=1 and category = '1' order by seq DESC limit 0, 5  []
2018-10-30 18:33:50,284 INFO [net.sf.log4jdbc.ResultSetCollectorPrinter] |----|-------|---------|---------|----------------------------------------------------|---------|---------|----------------------|--------|---------| []
2018-10-30 18:33:50,286 INFO [net.sf.log4jdbc.ResultSetCollectorPrinter] |seq |userid |category |username |title                                               |contents |filename |regdate               |readcnt |replycnt | []
2018-10-30 18:33:50,288 INFO [net.sf.log4jdbc.ResultSetCollectorPrinter] |----|-------|---------|---------|----------------------------------------------------|---------|---------|----------------------|--------|---------| []
2018-10-30 18:33:50,290 INFO [net.sf.log4jdbc.ResultSetCollectorPrinter] |201 |master |1        |관리자      |testt                                               |[unread] |[null]   |2016-10-16 16:16:32.0 |5       |0        | []
2018-10-30 18:33:50,294 INFO [net.sf.log4jdbc.ResultSetCollectorPrinter] |200 |master |1        |관리자      | CentOS 웹서버 구축 [APM-Yum설치]                          |[unread] |[null]   |2016-10-11 09:41:03.0 |29      |0        | []
2018-10-30 18:33:50,295 INFO [net.sf.log4jdbc.ResultSetCollectorPrinter] |199 |master |1        |관리자      |http://www.w3schools.com/howto/howto_css_modals.asp |[unread] |[null]   |2016-10-10 22:42:44.0 |4       |0        | []
2018-10-30 18:33:50,306 INFO [net.sf.log4jdbc.ResultSetCollectorPrinter] |198 |master |1        |관리자      |JSTL fmt을 이용한 데이터 가공                                |[unread] |[null]   |2016-10-03 19:35:15.0 |3       |0        | []
2018-10-30 18:33:50,308 INFO [net.sf.log4jdbc.ResultSetCollectorPrinter] |196 |master |1        |관리자      |jsp 변수를 jstl 변수로 변경하기                               |[unread] |[null]   |2016-10-03 16:50:33.0 |3       |0        | []
2018-10-30 18:33:50,313 INFO [net.sf.log4jdbc.ResultSetCollectorPrinter] |----|-------|---------|---------|----------------------------------------------------|---------|---------|----------------------|--------|---------| []
2018-10-30 18:33:50,397 INFO [net.sf.log4jdbc.Slf4jSpyLogDelegator] select seq, userid, category, username, title, contents, filename, regdate, readcnt, replycnt 
from tb_board order by seq DESC limit 0, 5  []
2018-10-30 18:33:50,413 INFO [net.sf.log4jdbc.ResultSetCollectorPrinter] |----|-------|---------|---------|----------------------------------------------------|---------|---------|----------------------|--------|---------| []
2018-10-30 18:33:50,419 INFO [net.sf.log4jdbc.ResultSetCollectorPrinter] |seq |userid |category |username |title                                               |contents |filename |regdate               |readcnt |replycnt | []
2018-10-30 18:33:50,421 INFO [net.sf.log4jdbc.ResultSetCollectorPrinter] |----|-------|---------|---------|----------------------------------------------------|---------|---------|----------------------|--------|---------| []
2018-10-30 18:33:50,422 INFO [net.sf.log4jdbc.ResultSetCollectorPrinter] |201 |master |1        |관리자      |testt                                               |[unread] |[null]   |2016-10-16 16:16:32.0 |5       |0        | []
2018-10-30 18:33:50,423 INFO [net.sf.log4jdbc.ResultSetCollectorPrinter] |200 |master |1        |관리자      | CentOS 웹서버 구축 [APM-Yum설치]                          |[unread] |[null]   |2016-10-11 09:41:03.0 |29      |0        | []
2018-10-30 18:33:50,424 INFO [net.sf.log4jdbc.ResultSetCollectorPrinter] |199 |master |1        |관리자      |http://www.w3schools.com/howto/howto_css_modals.asp |[unread] |[null]   |2016-10-10 22:42:44.0 |4       |0        | []
2018-10-30 18:33:50,426 INFO [net.sf.log4jdbc.ResultSetCollectorPrinter] |198 |master |1        |관리자      |JSTL fmt을 이용한 데이터 가공                                |[unread] |[null]   |2016-10-03 19:35:15.0 |3       |0        | []
2018-10-30 18:33:50,427 INFO [net.sf.log4jdbc.ResultSetCollectorPrinter] |196 |master |1        |관리자      |jsp 변수를 jstl 변수로 변경하기                               |[unread] |[null]   |2016-10-03 16:50:33.0 |3       |0        | []
2018-10-30 18:33:50,428 INFO [net.sf.log4jdbc.ResultSetCollectorPrinter] |----|-------|---------|---------|----------------------------------------------------|---------|---------|----------------------|--------|---------| []
2018-10-30 18:33:53,529 INFO [net.sf.log4jdbc.Slf4jSpyLogDelegator] select count(*) from tb_board where 1=1 and category = '1'  []
2018-10-30 18:33:53,531 INFO [net.sf.log4jdbc.ResultSetCollectorPrinter] |---------| []
2018-10-30 18:33:53,532 INFO [net.sf.log4jdbc.ResultSetCollectorPrinter] |count(*) | []
2018-10-30 18:33:53,533 INFO [net.sf.log4jdbc.ResultSetCollectorPrinter] |---------| []
2018-10-30 18:33:53,534 INFO [net.sf.log4jdbc.ResultSetCollectorPrinter] |8        | []
2018-10-30 18:33:53,535 INFO [net.sf.log4jdbc.ResultSetCollectorPrinter] |---------| []
2018-10-30 18:33:53,567 INFO [net.sf.log4jdbc.Slf4jSpyLogDelegator] select seq, codename, sortnum , (select count(seq) from tb_board where category = a.seq) as 
cnt from tb_category a order by sortnum  []
2018-10-30 18:33:53,571 INFO [net.sf.log4jdbc.ResultSetCollectorPrinter] |----|---------|--------|----| []
2018-10-30 18:33:53,573 INFO [net.sf.log4jdbc.ResultSetCollectorPrinter] |seq |codename |sortnum |cnt | []
2018-10-30 18:33:53,577 INFO [net.sf.log4jdbc.ResultSetCollectorPrinter] |----|---------|--------|----| []
2018-10-30 18:33:53,578 INFO [net.sf.log4jdbc.ResultSetCollectorPrinter] |1   |Java     |1       |8   | []
2018-10-30 18:33:53,580 INFO [net.sf.log4jdbc.ResultSetCollectorPrinter] |2   |Linux    |2       |2   | []
2018-10-30 18:33:53,581 INFO [net.sf.log4jdbc.ResultSetCollectorPrinter] |3   |DB       |3       |5   | []
2018-10-30 18:33:53,583 INFO [net.sf.log4jdbc.ResultSetCollectorPrinter] |4   |Android  |4       |5   | []
2018-10-30 18:33:53,584 INFO [net.sf.log4jdbc.ResultSetCollectorPrinter] |5   |Mac OS X |5       |1   | []
2018-10-30 18:33:53,586 INFO [net.sf.log4jdbc.ResultSetCollectorPrinter] |6   |기타       |6       |0   | []
2018-10-30 18:33:53,587 INFO [net.sf.log4jdbc.ResultSetCollectorPrinter] |----|---------|--------|----| []
2018-10-30 18:33:53,637 INFO [net.sf.log4jdbc.Slf4jSpyLogDelegator] select seq, userid, category, username, title, contents, filename, regdate, readcnt, replycnt 
from tb_board where 1=1 and category = '1' order by seq DESC limit 0, 5  []
2018-10-30 18:33:53,653 INFO [net.sf.log4jdbc.ResultSetCollectorPrinter] |----|-------|---------|---------|----------------------------------------------------|---------|---------|----------------------|--------|---------| []
2018-10-30 18:33:53,655 INFO [net.sf.log4jdbc.ResultSetCollectorPrinter] |seq |userid |category |username |title                                               |contents |filename |regdate               |readcnt |replycnt | []
2018-10-30 18:33:53,656 INFO [net.sf.log4jdbc.ResultSetCollectorPrinter] |----|-------|---------|---------|----------------------------------------------------|---------|---------|----------------------|--------|---------| []
2018-10-30 18:33:53,659 INFO [net.sf.log4jdbc.ResultSetCollectorPrinter] |201 |master |1        |관리자      |testt                                               |[unread] |[null]   |2016-10-16 16:16:32.0 |5       |0        | []
2018-10-30 18:33:53,661 INFO [net.sf.log4jdbc.ResultSetCollectorPrinter] |200 |master |1        |관리자      | CentOS 웹서버 구축 [APM-Yum설치]                          |[unread] |[null]   |2016-10-11 09:41:03.0 |29      |0        | []
2018-10-30 18:33:53,663 INFO [net.sf.log4jdbc.ResultSetCollectorPrinter] |199 |master |1        |관리자      |http://www.w3schools.com/howto/howto_css_modals.asp |[unread] |[null]   |2016-10-10 22:42:44.0 |4       |0        | []
2018-10-30 18:33:53,666 INFO [net.sf.log4jdbc.ResultSetCollectorPrinter] |198 |master |1        |관리자      |JSTL fmt을 이용한 데이터 가공                                |[unread] |[null]   |2016-10-03 19:35:15.0 |3       |0        | []
2018-10-30 18:33:53,668 INFO [net.sf.log4jdbc.ResultSetCollectorPrinter] |196 |master |1        |관리자      |jsp 변수를 jstl 변수로 변경하기                               |[unread] |[null]   |2016-10-03 16:50:33.0 |3       |0        | []
2018-10-30 18:33:53,670 INFO [net.sf.log4jdbc.ResultSetCollectorPrinter] |----|-------|---------|---------|----------------------------------------------------|---------|---------|----------------------|--------|---------| []
2018-10-30 18:33:53,730 INFO [net.sf.log4jdbc.Slf4jSpyLogDelegator] select seq, userid, category, username, title, contents, filename, regdate, readcnt, replycnt 
from tb_board order by seq DESC limit 0, 5  []
2018-10-30 18:33:53,741 INFO [net.sf.log4jdbc.ResultSetCollectorPrinter] |----|-------|---------|---------|----------------------------------------------------|---------|---------|----------------------|--------|---------| []
2018-10-30 18:33:53,743 INFO [net.sf.log4jdbc.ResultSetCollectorPrinter] |seq |userid |category |username |title                                               |contents |filename |regdate               |readcnt |replycnt | []
2018-10-30 18:33:53,745 INFO [net.sf.log4jdbc.ResultSetCollectorPrinter] |----|-------|---------|---------|----------------------------------------------------|---------|---------|----------------------|--------|---------| []
2018-10-30 18:33:53,746 INFO [net.sf.log4jdbc.ResultSetCollectorPrinter] |201 |master |1        |관리자      |testt                                               |[unread] |[null]   |2016-10-16 16:16:32.0 |5       |0        | []
2018-10-30 18:33:53,748 INFO [net.sf.log4jdbc.ResultSetCollectorPrinter] |200 |master |1        |관리자      | CentOS 웹서버 구축 [APM-Yum설치]                          |[unread] |[null]   |2016-10-11 09:41:03.0 |29      |0        | []
2018-10-30 18:33:53,751 INFO [net.sf.log4jdbc.ResultSetCollectorPrinter] |199 |master |1        |관리자      |http://www.w3schools.com/howto/howto_css_modals.asp |[unread] |[null]   |2016-10-10 22:42:44.0 |4       |0        | []
2018-10-30 18:33:53,759 INFO [net.sf.log4jdbc.ResultSetCollectorPrinter] |198 |master |1        |관리자      |JSTL fmt을 이용한 데이터 가공                                |[unread] |[null]   |2016-10-03 19:35:15.0 |3       |0        | []
2018-10-30 18:33:53,762 INFO [net.sf.log4jdbc.ResultSetCollectorPrinter] |196 |master |1        |관리자      |jsp 변수를 jstl 변수로 변경하기                               |[unread] |[null]   |2016-10-03 16:50:33.0 |3       |0        | []
2018-10-30 18:33:53,765 INFO [net.sf.log4jdbc.ResultSetCollectorPrinter] |----|-------|---------|---------|----------------------------------------------------|---------|---------|----------------------|--------|---------| []
